/*
 * Phase E: cyclic bag + leaf-tail separator reduction for Generic Join.
 */
LOAD 'age';
SET search_path = ag_catalog, public;
SELECT create_graph('generic_ghd');
NOTICE:  graph "generic_ghd" has been created
 create_graph 
--------------
 
(1 row)

SELECT create_vlabel('generic_ghd', 'A');
NOTICE:  VLabel "A" has been created
 create_vlabel 
---------------
 
(1 row)

SELECT create_vlabel('generic_ghd', 'B');
NOTICE:  VLabel "B" has been created
 create_vlabel 
---------------
 
(1 row)

SELECT create_vlabel('generic_ghd', 'C');
NOTICE:  VLabel "C" has been created
 create_vlabel 
---------------
 
(1 row)

SELECT create_vlabel('generic_ghd', 'D');
NOTICE:  VLabel "D" has been created
 create_vlabel 
---------------
 
(1 row)

SELECT create_vlabel('generic_ghd', 'X');
NOTICE:  VLabel "X" has been created
 create_vlabel 
---------------
 
(1 row)

SELECT create_elabel('generic_ghd', 'E1');
NOTICE:  ELabel "E1" has been created
 create_elabel 
---------------
 
(1 row)

SELECT create_elabel('generic_ghd', 'E2');
NOTICE:  ELabel "E2" has been created
 create_elabel 
---------------
 
(1 row)

SELECT create_elabel('generic_ghd', 'E3');
NOTICE:  ELabel "E3" has been created
 create_elabel 
---------------
 
(1 row)

SELECT create_elabel('generic_ghd', 'E4');
NOTICE:  ELabel "E4" has been created
 create_elabel 
---------------
 
(1 row)

SELECT create_elabel('generic_ghd', 'TX');
NOTICE:  ELabel "TX" has been created
 create_elabel 
---------------
 
(1 row)

INSERT INTO generic_ghd."A" (id, properties)
SELECT _graphid(_label_id('generic_ghd', 'A'), i), '{}'::agtype
FROM generate_series(1, 64) i;
INSERT INTO generic_ghd."B" (id, properties)
SELECT _graphid(_label_id('generic_ghd', 'B'), i), '{}'::agtype
FROM generate_series(1, 64) i;
INSERT INTO generic_ghd."C" (id, properties)
SELECT _graphid(_label_id('generic_ghd', 'C'), i), '{}'::agtype
FROM generate_series(1, 64) i;
INSERT INTO generic_ghd."D" (id, properties)
SELECT _graphid(_label_id('generic_ghd', 'D'), i), '{}'::agtype
FROM generate_series(1, 64) i;
INSERT INTO generic_ghd."X" (id, properties)
VALUES (_graphid(_label_id('generic_ghd', 'X'), 1), '{}'::agtype);
INSERT INTO generic_ghd."E1" (id, start_id, end_id, properties)
SELECT _graphid(_label_id('generic_ghd', 'E1'), i),
       _graphid(_label_id('generic_ghd', 'A'), i),
       _graphid(_label_id('generic_ghd', 'B'), i),
       '{}'::agtype
FROM generate_series(1, 64) i;
INSERT INTO generic_ghd."E2" (id, start_id, end_id, properties)
SELECT _graphid(_label_id('generic_ghd', 'E2'), i),
       _graphid(_label_id('generic_ghd', 'B'), i),
       _graphid(_label_id('generic_ghd', 'C'), i),
       '{}'::agtype
FROM generate_series(1, 64) i;
INSERT INTO generic_ghd."E3" (id, start_id, end_id, properties)
SELECT _graphid(_label_id('generic_ghd', 'E3'), i),
       _graphid(_label_id('generic_ghd', 'C'), i),
       _graphid(_label_id('generic_ghd', 'D'), i),
       '{}'::agtype
FROM generate_series(1, 64) i;
INSERT INTO generic_ghd."E4" (id, start_id, end_id, properties)
SELECT _graphid(_label_id('generic_ghd', 'E4'), i),
       _graphid(_label_id('generic_ghd', 'D'), i),
       _graphid(_label_id('generic_ghd', 'A'), i),
       '{}'::agtype
FROM generate_series(1, 64) i;
INSERT INTO generic_ghd."TX" (id, start_id, end_id, properties)
VALUES (_graphid(_label_id('generic_ghd', 'TX'), 1),
        _graphid(_label_id('generic_ghd', 'C'), 1),
        _graphid(_label_id('generic_ghd', 'X'), 1),
        '{}'::agtype);
CREATE INDEX generic_ghd_e1_out
ON generic_ghd."E1" USING age_adjacency(start_id, id, end_id);
CREATE INDEX generic_ghd_e2_out
ON generic_ghd."E2" USING age_adjacency(start_id, id, end_id);
CREATE INDEX generic_ghd_e3_out
ON generic_ghd."E3" USING age_adjacency(start_id, id, end_id);
CREATE INDEX generic_ghd_e4_out
ON generic_ghd."E4" USING age_adjacency(start_id, id, end_id);
CREATE INDEX generic_ghd_tx_out
ON generic_ghd."TX" USING age_adjacency(start_id, id, end_id);
ANALYZE generic_ghd."A";
ANALYZE generic_ghd."B";
ANALYZE generic_ghd."C";
ANALYZE generic_ghd."D";
ANALYZE generic_ghd."X";
ANALYZE generic_ghd."E1";
ANALYZE generic_ghd."E2";
ANALYZE generic_ghd."E3";
ANALYZE generic_ghd."E4";
ANALYZE generic_ghd."TX";
BEGIN;
SET LOCAL age.enable_wcoj = on;
SET LOCAL enable_nestloop = off;
SET LOCAL enable_hashjoin = off;
SET LOCAL enable_mergejoin = off;
EXPLAIN (ANALYZE, VERBOSE, COSTS OFF, TIMING OFF, SUMMARY OFF, BUFFERS OFF)
SELECT *
FROM cypher('generic_ghd', $$
    MATCH (a:A)-[e1:E1]->(b:B)-[e2:E2]->(c:C)
          -[e3:E3]->(d:D)-[e4:E4]->(a),
          (c)-[t:TX]->(x:X)
    RETURN id(a), id(b), id(c), id(d), id(x),
           id(e1), id(e2), id(e3), id(e4), id(t)
$$) AS (a agtype, b agtype, c agtype, d agtype, x agtype,
        e1 agtype, e2 agtype, e3 agtype, e4 agtype, t agtype);
                                                                                  QUERY PLAN                                                                                  
------------------------------------------------------------------------------------------------------------------------------------------------------------------------------
 Custom Scan (AGE Generic Multiway Join) (actual rows=1.00 loops=1)
   Output: (a.id)::agtype, (b.id)::agtype, (c.id)::agtype, (d.id)::agtype, (x.id)::agtype, (e1.id)::agtype, (e2.id)::agtype, (e3.id)::agtype, (e4.id)::agtype, (t.id)::agtype
   Filter: ((t.end_id = x.id) AND _ag_enforce_edge_uniqueness4(e1.id, e2.id, e3.id, e4.id))
   Generic Join Algorithm: lazy domain views with vectorized intersections and delayed edge bags
   Generic Join Consumer: rows
   Generic Join Provider Mode: eager sorted array
   Lazy Physical Provider: false
   Provider Trie Ops: lazy sorted arrays with on-demand prefix directories
   Variable Order: 1(rti=13), 2(rti=8), 3(rti=4), 4(rti=6), 5(rti=10)
   Component Count: 1
   Component IDs: 1, 1, 1, 1, 1
   Reduction Shape: cyclic-with-tail
   GHD Mode: 2-core leaf-tail
   GHD General Decomposition: false
   GHD Fallback Reason: general GHD decomposition is not implemented
   Reduction Descriptor Source: graph-join-match-ir
   Reduction Order: none
   Reduction Order Edges: 0
   Yannakakis Step Count: 0
   Yannakakis Bottom-Up Steps: 0
   Yannakakis Top-Down Steps: 0
   Yannakakis Step Plan: none
   Yannakakis Step Filter Mode: global-domain provider filter
   Reduction Core Variables: 4
   Reduction Tail Separators: 1
   GHD Bag Count: 2
   GHD Separator Count: 1
   GHD Separators: provider 10: v2->v1 via key2
   GHD Descriptor Source: graph-join-match-ir
   Variable Count: 5
   Provider Count: 10
   Provider Rows Materialized: 514
   Provider Tuples Materialized: 0
   Provider Full Materialization: true
   Provider Rows Read: 514
   Provider Row Bytes Allocated: 51200 bytes
   Provider Tuple Bytes Copied: 0 bytes
   Semijoin Reduction Passes: 3
   Yannakakis Bottom-Up Passes: 0
   Yannakakis Top-Down Passes: 0
   Yannakakis Steps Applied: 0
   Yannakakis Bottom-Up Steps Applied: 0
   Yannakakis Top-Down Steps Applied: 0
   Reduction Order Applied: false
   Semijoin Rows Removed: 504
   Yannakakis Bottom-Up Rows Removed: 0
   Yannakakis Top-Down Rows Removed: 0
   Semijoin Provider Rows After: 10
   Semijoin Final Domain Keys: 5
   GHD Separator Reduction Passes: 1
   GHD Leaf Tail Providers: 1
   GHD Descriptor Separators Applied: 1
   GHD Tail Domain Propagation Passes: 0
   GHD Tail Domain Rows Removed: 0
   GHD Separator Domain Keys: 1
   GHD Leaf Tail Rows Removed: 0
   GHD Cyclic Core Rows Removed: 189
   Reduction Domain Builds: 60
   Reduction Domain Rows Scanned: 1320
   Reduction Domain Keys Produced: 1320
   Reduction Domain Sorts: 6
   Reduction Domain Sort Rows: 384
   Complete Bindings: 1
   Candidate Flat Rows: 1
   Candidate Bag Combinations: 1
   Flat Rows Materialized: 1
   Flat Rows Avoided: 0
   Consumer Flat Rows Avoided: 0
   Lazy Domain Views: 15
   Lazy Domain Keys Scanned: 15
   Domain Scratch Allocations: 5
   Domain Scratch Reuses: 0
   Runtime Domain Builds: 15
   Runtime Domain Rows Scanned: 15
   Prefix Range Builds: 10
   Prefix Range Reuses: 0
   Prefix Range Directory Searches: 0
   Prefix Range Cursor Reuses: 0
   Prefix Range Cache Hits: 0
   Prefix Range Cache Misses: 10
   Child Range Cache Hits: 5
   Child Range Cache Misses: 10
   Trie Child Range Reuses: 5
   Trie Child Range Opens: 10
   Trie Prefix Range Seeks: 10
   Trie Pair Range Opens: 5
   Reduction Scratch Allocations: 1
   Reduction Scratch Reuses: 39
   Vector Intersection Merge Calls: 45
   Vector Intersection Galloping Calls: 5
   Vector Intersection Galloping Steps: 5
   Uniqueness Constraint Groups: 1
   Uniqueness Rejects: 0
   Rows Emitted: 1
   Rescans: 0
   Peak Generic Join Memory: 144384 bytes
   Spill Bytes: 0 bytes
   ->  Seq Scan on generic_ghd."X" x (actual rows=1.00 loops=1)
         Output: x.id
   ->  Seq Scan on generic_ghd."C" c (actual rows=64.00 loops=1)
         Output: c.id
   ->  Seq Scan on generic_ghd."A" a (actual rows=64.00 loops=1)
         Output: a.id
   ->  Seq Scan on generic_ghd."B" b (actual rows=64.00 loops=1)
         Output: b.id
   ->  Seq Scan on generic_ghd."D" d (actual rows=64.00 loops=1)
         Output: d.id
   ->  Seq Scan on generic_ghd."E1" e1 (actual rows=64.00 loops=1)
         Output: e1.id, e1.start_id, e1.end_id
   ->  Seq Scan on generic_ghd."E2" e2 (actual rows=64.00 loops=1)
         Output: e2.id, e2.end_id, e2.start_id
   ->  Seq Scan on generic_ghd."E3" e3 (actual rows=64.00 loops=1)
         Output: e3.id, e3.start_id, e3.end_id
   ->  Seq Scan on generic_ghd."E4" e4 (actual rows=64.00 loops=1)
         Output: e4.id, e4.end_id, e4.start_id
   ->  Seq Scan on generic_ghd."TX" t (actual rows=1.00 loops=1)
         Output: t.id, t.end_id, t.start_id
(117 rows)

ROLLBACK;
BEGIN;
SET LOCAL age.enable_wcoj = on;
SET LOCAL enable_nestloop = off;
SET LOCAL enable_hashjoin = off;
SET LOCAL enable_mergejoin = off;
EXPLAIN (ANALYZE, VERBOSE, COSTS OFF, TIMING OFF, SUMMARY OFF, BUFFERS OFF)
SELECT *
FROM cypher('generic_ghd', $$
    MATCH (a:A)-[e1:E1]->(b:B)-[e2:E2]->(c:C)
          -[e3:E3]->(d:D)-[e4:E4]->(a),
          (c)-[t:TX]->(x:X)
    RETURN count(*) AS total
$$) AS (total agtype);
                                           QUERY PLAN                                            
-------------------------------------------------------------------------------------------------
 Custom Scan (AGE Generic Multiway Join) (actual rows=1.00 loops=1)
   Output: ((count(*)))::agtype
   Generic Join Algorithm: lazy domain views with vectorized intersections and delayed edge bags
   Generic Join Consumer: count(*)
   Generic Join Provider Mode: eager sorted array
   Lazy Physical Provider: false
   Provider Trie Ops: lazy sorted arrays with on-demand prefix directories
   Variable Order: 1(rti=11), 2(rti=6), 3(rti=2), 4(rti=4), 5(rti=8)
   Component Count: 1
   Component IDs: 1, 1, 1, 1, 1
   Reduction Shape: cyclic-with-tail
   GHD Mode: 2-core leaf-tail
   GHD General Decomposition: false
   GHD Fallback Reason: general GHD decomposition is not implemented
   Reduction Descriptor Source: graph-join-match-ir
   Reduction Order: none
   Reduction Order Edges: 0
   Yannakakis Step Count: 0
   Yannakakis Bottom-Up Steps: 0
   Yannakakis Top-Down Steps: 0
   Yannakakis Step Plan: none
   Yannakakis Step Filter Mode: global-domain provider filter
   Reduction Core Variables: 4
   Reduction Tail Separators: 1
   GHD Bag Count: 2
   GHD Separator Count: 1
   GHD Separators: provider 10: v2->v1 via key2
   GHD Descriptor Source: graph-join-match-ir
   Variable Count: 5
   Provider Count: 10
   Provider Rows Materialized: 514
   Provider Tuples Materialized: 0
   Provider Full Materialization: true
   Provider Rows Read: 514
   Provider Row Bytes Allocated: 51200 bytes
   Provider Tuple Bytes Copied: 0 bytes
   Semijoin Reduction Passes: 3
   Yannakakis Bottom-Up Passes: 0
   Yannakakis Top-Down Passes: 0
   Yannakakis Steps Applied: 0
   Yannakakis Bottom-Up Steps Applied: 0
   Yannakakis Top-Down Steps Applied: 0
   Reduction Order Applied: false
   Semijoin Rows Removed: 504
   Yannakakis Bottom-Up Rows Removed: 0
   Yannakakis Top-Down Rows Removed: 0
   Semijoin Provider Rows After: 10
   Semijoin Final Domain Keys: 5
   GHD Separator Reduction Passes: 1
   GHD Leaf Tail Providers: 1
   GHD Descriptor Separators Applied: 1
   GHD Tail Domain Propagation Passes: 0
   GHD Tail Domain Rows Removed: 0
   GHD Separator Domain Keys: 1
   GHD Leaf Tail Rows Removed: 0
   GHD Cyclic Core Rows Removed: 189
   Reduction Domain Builds: 60
   Reduction Domain Rows Scanned: 1320
   Reduction Domain Keys Produced: 1320
   Reduction Domain Sorts: 6
   Reduction Domain Sort Rows: 384
   Complete Bindings: 1
   Candidate Flat Rows: 1
   Candidate Bag Combinations: 1
   Flat Rows Materialized: 0
   Flat Rows Avoided: 0
   Consumer Flat Rows Avoided: 1
   Count Result: 1
   Lazy Domain Views: 15
   Lazy Domain Keys Scanned: 15
   Domain Scratch Allocations: 5
   Domain Scratch Reuses: 0
   Runtime Domain Builds: 15
   Runtime Domain Rows Scanned: 15
   Prefix Range Builds: 10
   Prefix Range Reuses: 0
   Prefix Range Directory Searches: 0
   Prefix Range Cursor Reuses: 0
   Prefix Range Cache Hits: 0
   Prefix Range Cache Misses: 10
   Child Range Cache Hits: 5
   Child Range Cache Misses: 10
   Trie Child Range Reuses: 5
   Trie Child Range Opens: 10
   Trie Prefix Range Seeks: 10
   Trie Pair Range Opens: 5
   Reduction Scratch Allocations: 1
   Reduction Scratch Reuses: 39
   Vector Intersection Merge Calls: 45
   Vector Intersection Galloping Calls: 5
   Vector Intersection Galloping Steps: 5
   Uniqueness Constraint Groups: 1
   Uniqueness Rejects: 0
   Rows Emitted: 1
   Rescans: 0
   Peak Generic Join Memory: 144384 bytes
   Spill Bytes: 0 bytes
   ->  Seq Scan on generic_ghd."X" x (actual rows=1.00 loops=1)
         Output: x.id
   ->  Seq Scan on generic_ghd."C" c (actual rows=64.00 loops=1)
         Output: c.id
   ->  Seq Scan on generic_ghd."A" a (actual rows=64.00 loops=1)
         Output: a.id
   ->  Seq Scan on generic_ghd."B" b (actual rows=64.00 loops=1)
         Output: b.id
   ->  Seq Scan on generic_ghd."D" d (actual rows=64.00 loops=1)
         Output: d.id
   ->  Seq Scan on generic_ghd."E1" e1 (actual rows=64.00 loops=1)
         Output: e1.id, e1.start_id, e1.end_id
   ->  Seq Scan on generic_ghd."E2" e2 (actual rows=64.00 loops=1)
         Output: e2.id, e2.end_id, e2.start_id
   ->  Seq Scan on generic_ghd."E3" e3 (actual rows=64.00 loops=1)
         Output: e3.id, e3.start_id, e3.end_id
   ->  Seq Scan on generic_ghd."E4" e4 (actual rows=64.00 loops=1)
         Output: e4.id, e4.end_id, e4.start_id
   ->  Seq Scan on generic_ghd."TX" t (actual rows=1.00 loops=1)
         Output: t.end_id, t.start_id, t.id
(117 rows)

ROLLBACK;
DO $generic_ghd_count_consumer_plan$
DECLARE
    plan_text text;
    has_generic boolean := false;
    has_count_consumer boolean := false;
    has_count_result boolean := false;
    has_no_flat_rows boolean := false;
    has_consumer_avoids boolean := false;
    has_rows_emitted boolean := false;
BEGIN
    PERFORM set_config('age.enable_wcoj', 'on', true);
    PERFORM set_config('enable_nestloop', 'off', true);
    PERFORM set_config('enable_hashjoin', 'off', true);
    PERFORM set_config('enable_mergejoin', 'off', true);

    FOR plan_text IN EXECUTE $plan$
        EXPLAIN (ANALYZE, VERBOSE, COSTS OFF, TIMING OFF, SUMMARY OFF, BUFFERS OFF)
        SELECT *
        FROM cypher('generic_ghd', $cypher$
            MATCH (a:A)-[e1:E1]->(b:B)-[e2:E2]->(c:C)
                  -[e3:E3]->(d:D)-[e4:E4]->(a),
                  (c)-[t:TX]->(x:X)
            RETURN count(*) AS total
        $cypher$) AS (total agtype)
    $plan$
    LOOP
        has_generic := has_generic OR
            plan_text LIKE '%Custom Scan (AGE Generic Multiway Join)%';
        has_count_consumer := has_count_consumer OR
            plan_text LIKE '%Generic Join Consumer: count(*)%';
        has_count_result := has_count_result OR
            plan_text LIKE '%Count Result: 1%';
        has_no_flat_rows := has_no_flat_rows OR
            plan_text LIKE '%Flat Rows Materialized: 0%';
        has_consumer_avoids := has_consumer_avoids OR
            plan_text LIKE '%Consumer Flat Rows Avoided: 1%';
        has_rows_emitted := has_rows_emitted OR
            plan_text LIKE '%Rows Emitted: 1%';
    END LOOP;

    IF NOT has_generic OR NOT has_count_consumer OR
       NOT has_count_result OR NOT has_no_flat_rows OR
       NOT has_consumer_avoids OR NOT has_rows_emitted THEN
        RAISE EXCEPTION
            'Generic Join count consumer was not observed';
    END IF;
    RAISE NOTICE 'generic join count consumer verified';
END
$generic_ghd_count_consumer_plan$;
NOTICE:  generic join count consumer verified
BEGIN;
SET LOCAL age.enable_wcoj = off;
CREATE TEMP TABLE generic_ghd_binary_count ON COMMIT DROP AS
SELECT *
FROM cypher('generic_ghd', $$
    MATCH (a:A)-[e1:E1]->(b:B)-[e2:E2]->(c:C)
          -[e3:E3]->(d:D)-[e4:E4]->(a),
          (c)-[t:TX]->(x:X)
    RETURN count(*) AS total
$$) AS (total agtype);
SET LOCAL age.enable_wcoj = on;
SET LOCAL enable_nestloop = off;
SET LOCAL enable_hashjoin = off;
SET LOCAL enable_mergejoin = off;
CREATE TEMP TABLE generic_ghd_join_count ON COMMIT DROP AS
SELECT *
FROM cypher('generic_ghd', $$
    MATCH (a:A)-[e1:E1]->(b:B)-[e2:E2]->(c:C)
          -[e3:E3]->(d:D)-[e4:E4]->(a),
          (c)-[t:TX]->(x:X)
    RETURN count(*) AS total
$$) AS (total agtype);
SELECT (SELECT total FROM generic_ghd_binary_count) AS binary_total,
       (SELECT total FROM generic_ghd_join_count) AS generic_total,
       (SELECT count(*) FROM (
            (SELECT * FROM generic_ghd_binary_count
             EXCEPT ALL
             SELECT * FROM generic_ghd_join_count)
            UNION ALL
            (SELECT * FROM generic_ghd_join_count
             EXCEPT ALL
             SELECT * FROM generic_ghd_binary_count)
        ) diff) AS diff_rows;
 binary_total | generic_total | diff_rows 
--------------+---------------+-----------
 1            | 1             |         0
(1 row)

ROLLBACK;
DO $generic_ghd_separator_plan$
DECLARE
    plan_text text;
    has_generic boolean := false;
    has_component_count boolean := false;
    has_component_ids boolean := false;
    has_reduction_shape boolean := false;
    has_descriptor_source boolean := false;
    has_ghd_mode boolean := false;
    has_ghd_general boolean := false;
    has_ghd_fallback boolean := false;
    has_ghd_bag_count boolean := false;
    has_ghd_separator_count boolean := false;
    has_ghd_separator_details boolean := false;
    has_ghd_descriptor_source boolean := false;
    has_reduction_core boolean := false;
    has_reduction_tail boolean := false;
    has_separator_pass boolean := false;
    has_leaf_tail_provider boolean := false;
    has_descriptor_separators boolean := false;
    has_separator_domain boolean := false;
    has_core_pruning boolean := false;
    has_provider_rows boolean := false;
    has_key_only_tuple_skip boolean := false;
    has_reduction_scratch_allocation boolean := false;
    has_reduction_scratch_reuse boolean := false;
    has_one_row boolean := false;
BEGIN
    PERFORM set_config('age.enable_wcoj', 'on', true);
    PERFORM set_config('enable_nestloop', 'off', true);
    PERFORM set_config('enable_hashjoin', 'off', true);
    PERFORM set_config('enable_mergejoin', 'off', true);

    FOR plan_text IN EXECUTE $plan$
        EXPLAIN (ANALYZE, VERBOSE, COSTS OFF, TIMING OFF, SUMMARY OFF)
        SELECT *
        FROM cypher('generic_ghd', $cypher$
            MATCH (a:A)-[e1:E1]->(b:B)-[e2:E2]->(c:C)
                  -[e3:E3]->(d:D)-[e4:E4]->(a),
                  (c)-[t:TX]->(x:X)
            RETURN id(a), id(b), id(c), id(d), id(x),
                   id(e1), id(e2), id(e3), id(e4), id(t)
        $cypher$) AS (a agtype, b agtype, c agtype, d agtype, x agtype,
                      e1 agtype, e2 agtype, e3 agtype, e4 agtype,
                      t agtype)
    $plan$
    LOOP
        has_generic := has_generic OR
            plan_text LIKE '%Custom Scan (AGE Generic Multiway Join)%';
        has_component_count := has_component_count OR
            plan_text LIKE '%Component Count: 1%';
        has_component_ids := has_component_ids OR
            plan_text LIKE '%Component IDs: 1, 1, 1, 1, 1%';
        has_reduction_shape := has_reduction_shape OR
            plan_text LIKE '%Reduction Shape: cyclic-with-tail%';
        has_ghd_mode := has_ghd_mode OR
            plan_text LIKE '%GHD Mode: 2-core leaf-tail%';
        has_ghd_general := has_ghd_general OR
            plan_text LIKE '%GHD General Decomposition: false%';
        has_ghd_fallback := has_ghd_fallback OR
            plan_text LIKE
            '%GHD Fallback Reason: general GHD decomposition is not implemented%';
        has_descriptor_source := has_descriptor_source OR
            plan_text LIKE
            '%Reduction Descriptor Source: graph-join-match-ir%';
        has_ghd_bag_count := has_ghd_bag_count OR
            plan_text LIKE '%GHD Bag Count: 2%';
        has_ghd_separator_count := has_ghd_separator_count OR
            plan_text LIKE '%GHD Separator Count: 1%';
        has_ghd_separator_details := has_ghd_separator_details OR
            plan_text LIKE '%GHD Separators: provider %';
        has_ghd_descriptor_source := has_ghd_descriptor_source OR
            plan_text LIKE '%GHD Descriptor Source: graph-join-match-ir%';
        has_reduction_core := has_reduction_core OR
            plan_text LIKE '%Reduction Core Variables: 4%';
        has_reduction_tail := has_reduction_tail OR
            plan_text LIKE '%Reduction Tail Separators: 1%';
        has_separator_pass := has_separator_pass OR
            plan_text LIKE '%GHD Separator Reduction Passes: 1%';
        has_leaf_tail_provider := has_leaf_tail_provider OR
            plan_text LIKE '%GHD Leaf Tail Providers: 1%';
        has_descriptor_separators := has_descriptor_separators OR
            plan_text LIKE '%GHD Descriptor Separators Applied: 1%';
        has_separator_domain := has_separator_domain OR
            plan_text LIKE '%GHD Separator Domain Keys: 1%';
        has_core_pruning := has_core_pruning OR
            plan_text LIKE '%GHD Cyclic Core Rows Removed: 189%';
        has_provider_rows := has_provider_rows OR
            plan_text ~ 'Provider Rows Materialized: [1-9][0-9]*';
        has_key_only_tuple_skip := has_key_only_tuple_skip OR
            plan_text LIKE '%Provider Tuples Materialized: 0%';
        has_reduction_scratch_allocation :=
            has_reduction_scratch_allocation OR
            plan_text ~ 'Reduction Scratch Allocations: [1-9][0-9]*';
        has_reduction_scratch_reuse := has_reduction_scratch_reuse OR
            plan_text ~ 'Reduction Scratch Reuses: [1-9][0-9]*';
        has_one_row := has_one_row OR
            plan_text LIKE '%Rows Emitted: 1%';
    END LOOP;

    IF NOT has_generic OR NOT has_component_count OR
       NOT has_component_ids OR NOT has_reduction_shape OR
       NOT has_ghd_mode OR NOT has_ghd_general OR
       NOT has_ghd_fallback OR
       NOT has_descriptor_source OR NOT has_reduction_core OR
       NOT has_ghd_bag_count OR NOT has_ghd_separator_count OR
       NOT has_ghd_separator_details OR NOT has_ghd_descriptor_source OR
       NOT has_reduction_tail OR
       NOT has_separator_pass OR
       NOT has_leaf_tail_provider OR
       NOT has_descriptor_separators OR NOT has_separator_domain OR
       NOT has_core_pruning OR NOT has_provider_rows OR
       NOT has_key_only_tuple_skip OR
       NOT has_reduction_scratch_allocation OR
       NOT has_reduction_scratch_reuse OR NOT has_one_row THEN
        RAISE EXCEPTION
            'Generic Join GHD separator reduction/key-only/scratch reuse was not observed';
    END IF;
    RAISE NOTICE 'generic join GHD separator reduction, key-only materialization, and scratch reuse verified';
END
$generic_ghd_separator_plan$;
NOTICE:  generic join GHD separator reduction, key-only materialization, and scratch reuse verified
BEGIN;
SET LOCAL age.enable_wcoj = off;
CREATE TEMP TABLE generic_ghd_binary ON COMMIT DROP AS
SELECT *
FROM cypher('generic_ghd', $$
    MATCH (a:A)-[e1:E1]->(b:B)-[e2:E2]->(c:C)
          -[e3:E3]->(d:D)-[e4:E4]->(a),
          (c)-[t:TX]->(x:X)
    RETURN id(a), id(b), id(c), id(d), id(x),
           id(e1), id(e2), id(e3), id(e4), id(t)
$$) AS (a agtype, b agtype, c agtype, d agtype, x agtype,
        e1 agtype, e2 agtype, e3 agtype, e4 agtype, t agtype);
SET LOCAL age.enable_wcoj = on;
SET LOCAL enable_nestloop = off;
SET LOCAL enable_hashjoin = off;
SET LOCAL enable_mergejoin = off;
CREATE TEMP TABLE generic_ghd_join ON COMMIT DROP AS
SELECT *
FROM cypher('generic_ghd', $$
    MATCH (a:A)-[e1:E1]->(b:B)-[e2:E2]->(c:C)
          -[e3:E3]->(d:D)-[e4:E4]->(a),
          (c)-[t:TX]->(x:X)
    RETURN id(a), id(b), id(c), id(d), id(x),
           id(e1), id(e2), id(e3), id(e4), id(t)
$$) AS (a agtype, b agtype, c agtype, d agtype, x agtype,
        e1 agtype, e2 agtype, e3 agtype, e4 agtype, t agtype);
SELECT (SELECT count(*) FROM generic_ghd_binary) AS binary_rows,
       (SELECT count(*) FROM generic_ghd_join) AS generic_rows,
       (SELECT count(*) FROM (
           (TABLE generic_ghd_binary EXCEPT ALL TABLE generic_ghd_join)
           UNION ALL
           (TABLE generic_ghd_join EXCEPT ALL TABLE generic_ghd_binary)
       ) diff) AS diff_rows;
 binary_rows | generic_rows | diff_rows 
-------------+--------------+-----------
           1 |            1 |         0
(1 row)

ROLLBACK;
/*
 * Multiple leaf tails on different cycle separators should build one domain
 * per separator before pruning the cyclic core.
 */
SELECT create_vlabel('generic_ghd', 'Y');
NOTICE:  VLabel "Y" has been created
 create_vlabel 
---------------
 
(1 row)

SELECT create_elabel('generic_ghd', 'TY');
NOTICE:  ELabel "TY" has been created
 create_elabel 
---------------
 
(1 row)

INSERT INTO generic_ghd."Y" (id, properties)
VALUES (_graphid(_label_id('generic_ghd', 'Y'), 1), '{}'::agtype);
INSERT INTO generic_ghd."TY" (id, start_id, end_id, properties)
VALUES (_graphid(_label_id('generic_ghd', 'TY'), 1),
        _graphid(_label_id('generic_ghd', 'A'), 1),
        _graphid(_label_id('generic_ghd', 'Y'), 1),
        '{}'::agtype);
CREATE INDEX generic_ghd_ty_out
ON generic_ghd."TY" USING age_adjacency(start_id, id, end_id);
ANALYZE generic_ghd."Y";
ANALYZE generic_ghd."TY";
BEGIN;
SET LOCAL age.enable_wcoj = on;
SET LOCAL enable_nestloop = off;
SET LOCAL enable_hashjoin = off;
SET LOCAL enable_mergejoin = off;
EXPLAIN (ANALYZE, VERBOSE, COSTS OFF, TIMING OFF, SUMMARY OFF, BUFFERS OFF)
SELECT *
FROM cypher('generic_ghd', $$
    MATCH (a:A)-[e1:E1]->(b:B)-[e2:E2]->(c:C)
          -[e3:E3]->(d:D)-[e4:E4]->(a),
          (c)-[tx:TX]->(x:X),
          (a)-[ty:TY]->(y:Y)
    RETURN id(a), id(b), id(c), id(d), id(x), id(y),
           id(e1), id(e2), id(e3), id(e4), id(tx), id(ty)
$$) AS (a agtype, b agtype, c agtype, d agtype,
        x agtype, y agtype, e1 agtype, e2 agtype,
        e3 agtype, e4 agtype, tx agtype, ty agtype);
                                                                                                   QUERY PLAN                                                                                                   
----------------------------------------------------------------------------------------------------------------------------------------------------------------------------------------------------------------
 Custom Scan (AGE Generic Multiway Join) (actual rows=1.00 loops=1)
   Output: (a.id)::agtype, (b.id)::agtype, (c.id)::agtype, (d.id)::agtype, (x.id)::agtype, (y.id)::agtype, (e1.id)::agtype, (e2.id)::agtype, (e3.id)::agtype, (e4.id)::agtype, (tx.id)::agtype, (ty.id)::agtype
   Filter: ((tx.end_id = x.id) AND _ag_enforce_edge_uniqueness4(e1.id, e2.id, e3.id, e4.id))
   Generic Join Algorithm: lazy domain views with vectorized intersections and delayed edge bags
   Generic Join Consumer: rows
   Generic Join Provider Mode: eager sorted array
   Lazy Physical Provider: false
   Provider Trie Ops: lazy sorted arrays with on-demand prefix directories
   Variable Order: 1(rti=13), 2(rti=15), 3(rti=4), 4(rti=8), 5(rti=6), 6(rti=10)
   Component Count: 1
   Component IDs: 1, 1, 1, 1, 1, 1
   Reduction Shape: cyclic-with-tail
   GHD Mode: 2-core leaf-tail
   GHD General Decomposition: false
   GHD Fallback Reason: general GHD decomposition is not implemented
   Reduction Descriptor Source: graph-join-match-ir
   Reduction Order: none
   Reduction Order Edges: 0
   Yannakakis Step Count: 0
   Yannakakis Bottom-Up Steps: 0
   Yannakakis Top-Down Steps: 0
   Yannakakis Step Plan: none
   Yannakakis Step Filter Mode: global-domain provider filter
   Reduction Core Variables: 4
   Reduction Tail Separators: 2
   GHD Bag Count: 3
   GHD Separator Count: 2
   GHD Separators: provider 11: v4->v1 via key2, provider 12: v3->v2 via key2
   GHD Descriptor Source: graph-join-match-ir
   Variable Count: 6
   Provider Count: 12
   Provider Rows Materialized: 516
   Provider Tuples Materialized: 0
   Provider Full Materialization: true
   Provider Rows Read: 516
   Provider Row Bytes Allocated: 61440 bytes
   Provider Tuple Bytes Copied: 0 bytes
   Semijoin Reduction Passes: 2
   Yannakakis Bottom-Up Passes: 0
   Yannakakis Top-Down Passes: 0
   Yannakakis Steps Applied: 0
   Yannakakis Bottom-Up Steps Applied: 0
   Yannakakis Top-Down Steps Applied: 0
   Reduction Order Applied: false
   Semijoin Rows Removed: 504
   Yannakakis Bottom-Up Rows Removed: 0
   Yannakakis Top-Down Rows Removed: 0
   Semijoin Provider Rows After: 12
   Semijoin Final Domain Keys: 6
   GHD Separator Reduction Passes: 1
   GHD Leaf Tail Providers: 2
   GHD Descriptor Separators Applied: 2
   GHD Tail Domain Propagation Passes: 0
   GHD Tail Domain Rows Removed: 0
   GHD Separator Domain Keys: 2
   GHD Leaf Tail Rows Removed: 0
   GHD Cyclic Core Rows Removed: 378
   Reduction Domain Builds: 54
   Reduction Domain Rows Scanned: 936
   Reduction Domain Keys Produced: 936
   Reduction Domain Sorts: 4
   Reduction Domain Sort Rows: 256
   Complete Bindings: 1
   Candidate Flat Rows: 1
   Candidate Bag Combinations: 1
   Flat Rows Materialized: 1
   Flat Rows Avoided: 0
   Consumer Flat Rows Avoided: 0
   Lazy Domain Views: 18
   Lazy Domain Keys Scanned: 18
   Domain Scratch Allocations: 6
   Domain Scratch Reuses: 0
   Runtime Domain Builds: 18
   Runtime Domain Rows Scanned: 18
   Prefix Range Builds: 12
   Prefix Range Reuses: 0
   Prefix Range Directory Searches: 0
   Prefix Range Cursor Reuses: 0
   Prefix Range Cache Hits: 0
   Prefix Range Cache Misses: 12
   Child Range Cache Hits: 6
   Child Range Cache Misses: 12
   Trie Child Range Reuses: 6
   Trie Child Range Opens: 12
   Trie Prefix Range Seeks: 12
   Trie Pair Range Opens: 6
   Reduction Scratch Allocations: 1
   Reduction Scratch Reuses: 35
   Vector Intersection Merge Calls: 44
   Vector Intersection Galloping Calls: 4
   Vector Intersection Galloping Steps: 4
   Uniqueness Constraint Groups: 1
   Uniqueness Rejects: 0
   Rows Emitted: 1
   Rescans: 0
   Peak Generic Join Memory: 144384 bytes
   Spill Bytes: 0 bytes
   ->  Seq Scan on generic_ghd."X" x (actual rows=1.00 loops=1)
         Output: x.id
   ->  Seq Scan on generic_ghd."Y" y (actual rows=1.00 loops=1)
         Output: y.id
   ->  Seq Scan on generic_ghd."A" a (actual rows=64.00 loops=1)
         Output: a.id
   ->  Seq Scan on generic_ghd."C" c (actual rows=64.00 loops=1)
         Output: c.id
   ->  Seq Scan on generic_ghd."B" b (actual rows=64.00 loops=1)
         Output: b.id
   ->  Seq Scan on generic_ghd."D" d (actual rows=64.00 loops=1)
         Output: d.id
   ->  Seq Scan on generic_ghd."E1" e1 (actual rows=64.00 loops=1)
         Output: e1.id, e1.start_id, e1.end_id
   ->  Seq Scan on generic_ghd."E2" e2 (actual rows=64.00 loops=1)
         Output: e2.id, e2.end_id, e2.start_id
   ->  Seq Scan on generic_ghd."E3" e3 (actual rows=64.00 loops=1)
         Output: e3.id, e3.start_id, e3.end_id
   ->  Seq Scan on generic_ghd."E4" e4 (actual rows=64.00 loops=1)
         Output: e4.id, e4.end_id, e4.start_id
   ->  Seq Scan on generic_ghd."TX" tx (actual rows=1.00 loops=1)
         Output: tx.id, tx.end_id, tx.start_id
   ->  Seq Scan on generic_ghd."TY" ty (actual rows=1.00 loops=1)
         Output: ty.id, ty.end_id, ty.start_id
(121 rows)

ROLLBACK;
DO $generic_ghd_multi_tail_plan$
DECLARE
    plan_text text;
    has_generic boolean := false;
    has_component_count boolean := false;
    has_component_ids boolean := false;
    has_reduction_shape boolean := false;
    has_descriptor_source boolean := false;
    has_ghd_mode boolean := false;
    has_ghd_general boolean := false;
    has_ghd_fallback boolean := false;
    has_ghd_bag_count boolean := false;
    has_ghd_separator_count boolean := false;
    has_ghd_separator_details boolean := false;
    has_ghd_descriptor_source boolean := false;
    has_reduction_core boolean := false;
    has_reduction_tail boolean := false;
    has_separator_pass boolean := false;
    has_leaf_tail_providers boolean := false;
    has_descriptor_separators boolean := false;
    has_separator_domain boolean := false;
    has_core_pruning boolean := false;
    has_one_row boolean := false;
BEGIN
    PERFORM set_config('age.enable_wcoj', 'on', true);
    PERFORM set_config('enable_nestloop', 'off', true);
    PERFORM set_config('enable_hashjoin', 'off', true);
    PERFORM set_config('enable_mergejoin', 'off', true);

    FOR plan_text IN EXECUTE $plan$
        EXPLAIN (ANALYZE, VERBOSE, COSTS OFF, TIMING OFF, SUMMARY OFF)
        SELECT *
        FROM cypher('generic_ghd', $cypher$
            MATCH (a:A)-[e1:E1]->(b:B)-[e2:E2]->(c:C)
                  -[e3:E3]->(d:D)-[e4:E4]->(a),
                  (c)-[tx:TX]->(x:X),
                  (a)-[ty:TY]->(y:Y)
            RETURN id(a), id(b), id(c), id(d), id(x), id(y),
                   id(e1), id(e2), id(e3), id(e4), id(tx), id(ty)
        $cypher$) AS (a agtype, b agtype, c agtype, d agtype,
                      x agtype, y agtype, e1 agtype, e2 agtype,
                      e3 agtype, e4 agtype, tx agtype, ty agtype)
    $plan$
    LOOP
        has_generic := has_generic OR
            plan_text LIKE '%Custom Scan (AGE Generic Multiway Join)%';
        has_component_count := has_component_count OR
            plan_text LIKE '%Component Count: 1%';
        has_component_ids := has_component_ids OR
            plan_text LIKE '%Component IDs: 1, 1, 1, 1, 1, 1%';
        has_reduction_shape := has_reduction_shape OR
            plan_text LIKE '%Reduction Shape: cyclic-with-tail%';
        has_ghd_mode := has_ghd_mode OR
            plan_text LIKE '%GHD Mode: 2-core leaf-tail%';
        has_ghd_general := has_ghd_general OR
            plan_text LIKE '%GHD General Decomposition: false%';
        has_ghd_fallback := has_ghd_fallback OR
            plan_text LIKE
            '%GHD Fallback Reason: general GHD decomposition is not implemented%';
        has_descriptor_source := has_descriptor_source OR
            plan_text LIKE
            '%Reduction Descriptor Source: graph-join-match-ir%';
        has_ghd_bag_count := has_ghd_bag_count OR
            plan_text LIKE '%GHD Bag Count: 3%';
        has_ghd_separator_count := has_ghd_separator_count OR
            plan_text LIKE '%GHD Separator Count: 2%';
        has_ghd_separator_details := has_ghd_separator_details OR
            plan_text LIKE '%GHD Separators: provider %';
        has_ghd_descriptor_source := has_ghd_descriptor_source OR
            plan_text LIKE '%GHD Descriptor Source: graph-join-match-ir%';
        has_reduction_core := has_reduction_core OR
            plan_text LIKE '%Reduction Core Variables: 4%';
        has_reduction_tail := has_reduction_tail OR
            plan_text LIKE '%Reduction Tail Separators: 2%';
        has_separator_pass := has_separator_pass OR
            plan_text LIKE '%GHD Separator Reduction Passes: 1%';
        has_leaf_tail_providers := has_leaf_tail_providers OR
            plan_text LIKE '%GHD Leaf Tail Providers: 2%';
        has_descriptor_separators := has_descriptor_separators OR
            plan_text LIKE '%GHD Descriptor Separators Applied: 2%';
        has_separator_domain := has_separator_domain OR
            plan_text LIKE '%GHD Separator Domain Keys: 2%';
        has_core_pruning := has_core_pruning OR
            plan_text LIKE '%GHD Cyclic Core Rows Removed: 378%';
        has_one_row := has_one_row OR
            plan_text LIKE '%Rows Emitted: 1%';
    END LOOP;

    IF NOT has_generic OR NOT has_component_count OR
       NOT has_component_ids OR NOT has_reduction_shape OR
       NOT has_ghd_mode OR NOT has_ghd_general OR
       NOT has_ghd_fallback OR
       NOT has_descriptor_source OR NOT has_ghd_bag_count OR
       NOT has_ghd_separator_count OR NOT has_ghd_separator_details OR
       NOT has_ghd_descriptor_source OR
       NOT has_reduction_core OR NOT has_reduction_tail OR
       NOT has_separator_pass OR NOT has_leaf_tail_providers OR
       NOT has_descriptor_separators OR NOT has_separator_domain OR
       NOT has_core_pruning OR
       NOT has_one_row THEN
        RAISE EXCEPTION
            'Generic Join multi-tail GHD separator reduction was not observed';
    END IF;
    RAISE NOTICE 'generic join multi-tail GHD separator reduction verified';
END
$generic_ghd_multi_tail_plan$;
NOTICE:  generic join multi-tail GHD separator reduction verified
BEGIN;
SET LOCAL age.enable_wcoj = off;
CREATE TEMP TABLE generic_ghd_multi_tail_binary ON COMMIT DROP AS
SELECT *
FROM cypher('generic_ghd', $$
    MATCH (a:A)-[e1:E1]->(b:B)-[e2:E2]->(c:C)
          -[e3:E3]->(d:D)-[e4:E4]->(a),
          (c)-[tx:TX]->(x:X),
          (a)-[ty:TY]->(y:Y)
    RETURN id(a), id(b), id(c), id(d), id(x), id(y),
           id(e1), id(e2), id(e3), id(e4), id(tx), id(ty)
$$) AS (a agtype, b agtype, c agtype, d agtype,
        x agtype, y agtype, e1 agtype, e2 agtype,
        e3 agtype, e4 agtype, tx agtype, ty agtype);
SET LOCAL age.enable_wcoj = on;
SET LOCAL enable_nestloop = off;
SET LOCAL enable_hashjoin = off;
SET LOCAL enable_mergejoin = off;
CREATE TEMP TABLE generic_ghd_multi_tail_join ON COMMIT DROP AS
SELECT *
FROM cypher('generic_ghd', $$
    MATCH (a:A)-[e1:E1]->(b:B)-[e2:E2]->(c:C)
          -[e3:E3]->(d:D)-[e4:E4]->(a),
          (c)-[tx:TX]->(x:X),
          (a)-[ty:TY]->(y:Y)
    RETURN id(a), id(b), id(c), id(d), id(x), id(y),
           id(e1), id(e2), id(e3), id(e4), id(tx), id(ty)
$$) AS (a agtype, b agtype, c agtype, d agtype,
        x agtype, y agtype, e1 agtype, e2 agtype,
        e3 agtype, e4 agtype, tx agtype, ty agtype);
SELECT (SELECT count(*) FROM generic_ghd_multi_tail_binary) AS binary_rows,
       (SELECT count(*) FROM generic_ghd_multi_tail_join) AS generic_rows,
       (SELECT count(*) FROM (
           (TABLE generic_ghd_multi_tail_binary EXCEPT ALL
            TABLE generic_ghd_multi_tail_join)
           UNION ALL
           (TABLE generic_ghd_multi_tail_join EXCEPT ALL
            TABLE generic_ghd_multi_tail_binary)
       ) diff) AS diff_rows;
 binary_rows | generic_rows | diff_rows 
-------------+--------------+-----------
           1 |            1 |         0
(1 row)

ROLLBACK;
/*
 * Dense acyclic chains pass through the planner-owned graph-join match IR
 * summary before the Generic Join reduction descriptor reaches the executor.
 */
SELECT create_graph('generic_ir');
NOTICE:  graph "generic_ir" has been created
 create_graph 
--------------
 
(1 row)

SELECT create_vlabel('generic_ir', 'T_A');
NOTICE:  VLabel "T_A" has been created
 create_vlabel 
---------------
 
(1 row)

SELECT create_vlabel('generic_ir', 'T_B');
NOTICE:  VLabel "T_B" has been created
 create_vlabel 
---------------
 
(1 row)

SELECT create_vlabel('generic_ir', 'T_C');
NOTICE:  VLabel "T_C" has been created
 create_vlabel 
---------------
 
(1 row)

SELECT create_vlabel('generic_ir', 'T_D');
NOTICE:  VLabel "T_D" has been created
 create_vlabel 
---------------
 
(1 row)

SELECT create_elabel('generic_ir', 'T_AB');
NOTICE:  ELabel "T_AB" has been created
 create_elabel 
---------------
 
(1 row)

SELECT create_elabel('generic_ir', 'T_BC');
NOTICE:  ELabel "T_BC" has been created
 create_elabel 
---------------
 
(1 row)

SELECT create_elabel('generic_ir', 'T_CD');
NOTICE:  ELabel "T_CD" has been created
 create_elabel 
---------------
 
(1 row)

INSERT INTO generic_ir."T_A" (id, properties)
VALUES (_graphid(_label_id('generic_ir', 'T_A'), 1), '{}'::agtype);
INSERT INTO generic_ir."T_B" (id, properties)
SELECT _graphid(_label_id('generic_ir', 'T_B'), i), '{}'::agtype
FROM generate_series(1, 80) i;
INSERT INTO generic_ir."T_C" (id, properties)
SELECT _graphid(_label_id('generic_ir', 'T_C'), i), '{}'::agtype
FROM generate_series(1, 80) i;
INSERT INTO generic_ir."T_D" (id, properties)
SELECT _graphid(_label_id('generic_ir', 'T_D'), i), '{}'::agtype
FROM generate_series(1, 80) i;
INSERT INTO generic_ir."T_AB" (id, start_id, end_id, properties)
SELECT _graphid(_label_id('generic_ir', 'T_AB'), i),
       _graphid(_label_id('generic_ir', 'T_A'), 1),
       _graphid(_label_id('generic_ir', 'T_B'), i),
       '{}'::agtype
FROM generate_series(1, 80) i;
INSERT INTO generic_ir."T_BC" (id, start_id, end_id, properties)
SELECT _graphid(_label_id('generic_ir', 'T_BC'), (i - 1) * 80 + j),
       _graphid(_label_id('generic_ir', 'T_B'), i),
       _graphid(_label_id('generic_ir', 'T_C'), j),
       '{}'::agtype
FROM generate_series(1, 80) i,
     generate_series(1, 80) j;
INSERT INTO generic_ir."T_CD" (id, start_id, end_id, properties)
SELECT _graphid(_label_id('generic_ir', 'T_CD'), (i - 1) * 80 + j),
       _graphid(_label_id('generic_ir', 'T_C'), i),
       _graphid(_label_id('generic_ir', 'T_D'), j),
       '{}'::agtype
FROM generate_series(1, 80) i,
     generate_series(1, 80) j;
CREATE INDEX generic_ir_tab_out
ON generic_ir."T_AB" USING age_adjacency(start_id, id, end_id);
CREATE INDEX generic_ir_tbc_out
ON generic_ir."T_BC" USING age_adjacency(start_id, id, end_id);
CREATE INDEX generic_ir_tcd_out
ON generic_ir."T_CD" USING age_adjacency(start_id, id, end_id);
ANALYZE generic_ir."T_A";
ANALYZE generic_ir."T_B";
ANALYZE generic_ir."T_C";
ANALYZE generic_ir."T_D";
ANALYZE generic_ir."T_AB";
ANALYZE generic_ir."T_BC";
ANALYZE generic_ir."T_CD";
DO $generic_ghd_acyclic_match_ir_plan$
DECLARE
    plan_text text;
    has_generic boolean := false;
    has_reduction_shape boolean := false;
    has_reduction_order boolean := false;
    has_descriptor_source boolean := false;
BEGIN
    PERFORM set_config('age.enable_wcoj', 'on', true);
    PERFORM set_config('enable_nestloop', 'off', true);
    PERFORM set_config('enable_hashjoin', 'off', true);
    PERFORM set_config('enable_mergejoin', 'off', true);

    FOR plan_text IN EXECUTE $plan$
        EXPLAIN (VERBOSE, COSTS OFF)
        SELECT *
        FROM cypher('generic_ir', $cypher$
            MATCH (a:T_A)-[ab:T_AB]->(b:T_B)-[bc:T_BC]->(c:T_C)
                  -[cd:T_CD]->(d:T_D)
            RETURN id(a), id(b), id(c), id(d), id(ab), id(bc), id(cd)
        $cypher$) AS (a agtype, b agtype, c agtype, d agtype,
                      ab agtype, bc agtype, cd agtype)
    $plan$
    LOOP
        has_generic := has_generic OR
            plan_text LIKE '%Custom Scan (AGE Generic Multiway Join)%';
        has_reduction_shape := has_reduction_shape OR
            plan_text LIKE '%Reduction Shape: alpha-acyclic%';
        has_reduction_order := has_reduction_order OR
            plan_text LIKE '%Reduction Order: leaf-peel%';
        has_descriptor_source := has_descriptor_source OR
            plan_text LIKE
            '%Reduction Descriptor Source: graph-join-match-ir%';
    END LOOP;

    IF NOT has_generic OR NOT has_reduction_shape OR
       NOT has_reduction_order OR NOT has_descriptor_source THEN
        RAISE EXCEPTION
            'Generic Join acyclic graph-join match IR descriptor source was not observed';
    END IF;
    RAISE NOTICE 'generic join acyclic graph-join match IR descriptor source verified';
END
$generic_ghd_acyclic_match_ir_plan$;
NOTICE:  generic join acyclic graph-join match IR descriptor source verified
SELECT drop_graph('generic_ir', true);
NOTICE:  drop cascades to 9 other objects
DETAIL:  drop cascades to table generic_ir._ag_label_vertex
drop cascades to table generic_ir._ag_label_edge
drop cascades to table generic_ir."T_A"
drop cascades to table generic_ir."T_B"
drop cascades to table generic_ir."T_C"
drop cascades to table generic_ir."T_D"
drop cascades to table generic_ir."T_AB"
drop cascades to table generic_ir."T_BC"
drop cascades to table generic_ir."T_CD"
NOTICE:  graph "generic_ir" has been dropped
 drop_graph 
------------
 
(1 row)

/*
 * Repeated middle prefixes keep returning to the same P_C -> P_D ranges for
 * each P_B branch.  The executor should reuse the post-reduction prefix range
 * directory and provider cursor instead of rebuilding raw row ranges for those
 * recursive lookups.
 */
SELECT create_vlabel('generic_ghd', 'P_A');
NOTICE:  VLabel "P_A" has been created
 create_vlabel 
---------------
 
(1 row)

SELECT create_vlabel('generic_ghd', 'P_B');
NOTICE:  VLabel "P_B" has been created
 create_vlabel 
---------------
 
(1 row)

SELECT create_vlabel('generic_ghd', 'P_C');
NOTICE:  VLabel "P_C" has been created
 create_vlabel 
---------------
 
(1 row)

SELECT create_vlabel('generic_ghd', 'P_D');
NOTICE:  VLabel "P_D" has been created
 create_vlabel 
---------------
 
(1 row)

SELECT create_elabel('generic_ghd', 'PAB');
NOTICE:  ELabel "PAB" has been created
 create_elabel 
---------------
 
(1 row)

SELECT create_elabel('generic_ghd', 'PBC');
NOTICE:  ELabel "PBC" has been created
 create_elabel 
---------------
 
(1 row)

SELECT create_elabel('generic_ghd', 'PCD');
NOTICE:  ELabel "PCD" has been created
 create_elabel 
---------------
 
(1 row)

SELECT create_elabel('generic_ghd', 'PAD');
NOTICE:  ELabel "PAD" has been created
 create_elabel 
---------------
 
(1 row)

INSERT INTO generic_ghd."P_A" (id, properties)
VALUES (_graphid(_label_id('generic_ghd', 'P_A'), 1), '{}'::agtype);
INSERT INTO generic_ghd."P_B" (id, properties)
SELECT _graphid(_label_id('generic_ghd', 'P_B'), i), '{}'::agtype
FROM generate_series(1, 12) i;
INSERT INTO generic_ghd."P_C" (id, properties)
SELECT _graphid(_label_id('generic_ghd', 'P_C'), i), '{}'::agtype
FROM generate_series(1, 4) i;
INSERT INTO generic_ghd."P_D" (id, properties)
SELECT _graphid(_label_id('generic_ghd', 'P_D'), i), '{}'::agtype
FROM generate_series(1, 4) i;
INSERT INTO generic_ghd."PAB" (id, start_id, end_id, properties)
SELECT _graphid(_label_id('generic_ghd', 'PAB'), i),
       _graphid(_label_id('generic_ghd', 'P_A'), 1),
       _graphid(_label_id('generic_ghd', 'P_B'), i),
       '{}'::agtype
FROM generate_series(1, 12) i;
INSERT INTO generic_ghd."PBC" (id, start_id, end_id, properties)
SELECT _graphid(_label_id('generic_ghd', 'PBC'), (i - 1) * 4 + j),
       _graphid(_label_id('generic_ghd', 'P_B'), i),
       _graphid(_label_id('generic_ghd', 'P_C'), j),
       '{}'::agtype
FROM generate_series(1, 12) i,
     generate_series(1, 4) j;
INSERT INTO generic_ghd."PCD" (id, start_id, end_id, properties)
SELECT _graphid(_label_id('generic_ghd', 'PCD'), i),
       _graphid(_label_id('generic_ghd', 'P_C'), i),
       _graphid(_label_id('generic_ghd', 'P_D'), i),
       '{}'::agtype
FROM generate_series(1, 4) i;
INSERT INTO generic_ghd."PAD" (id, start_id, end_id, properties)
SELECT _graphid(_label_id('generic_ghd', 'PAD'), i),
       _graphid(_label_id('generic_ghd', 'P_A'), 1),
       _graphid(_label_id('generic_ghd', 'P_D'), i),
       '{}'::agtype
FROM generate_series(1, 4) i;
CREATE INDEX generic_ghd_pab_out
ON generic_ghd."PAB" USING age_adjacency(start_id, id, end_id);
CREATE INDEX generic_ghd_pbc_out
ON generic_ghd."PBC" USING age_adjacency(start_id, id, end_id);
CREATE INDEX generic_ghd_pcd_out
ON generic_ghd."PCD" USING age_adjacency(start_id, id, end_id);
CREATE INDEX generic_ghd_pad_out
ON generic_ghd."PAD" USING age_adjacency(start_id, id, end_id);
ANALYZE generic_ghd."P_A";
ANALYZE generic_ghd."P_B";
ANALYZE generic_ghd."P_C";
ANALYZE generic_ghd."P_D";
ANALYZE generic_ghd."PAB";
ANALYZE generic_ghd."PBC";
ANALYZE generic_ghd."PCD";
ANALYZE generic_ghd."PAD";
DO $generic_ghd_prefix_range_plan$
DECLARE
    plan_text text;
    matches text[];
    prefix_builds integer := NULL;
    prefix_reuses integer := NULL;
    prefix_cursor_reuses integer := NULL;
    trie_child_range_opens integer := NULL;
    trie_prefix_range_seeks integer := NULL;
    trie_pair_range_opens integer := NULL;
    has_generic boolean := false;
    has_on_demand_trie_ops boolean := false;
    has_rows boolean := false;
BEGIN
    PERFORM set_config('age.enable_wcoj', 'on', true);
    PERFORM set_config('enable_nestloop', 'off', true);
    PERFORM set_config('enable_hashjoin', 'off', true);
    PERFORM set_config('enable_mergejoin', 'off', true);

    FOR plan_text IN EXECUTE $plan$
        EXPLAIN (ANALYZE, VERBOSE, COSTS OFF, TIMING OFF, SUMMARY OFF)
        SELECT *
        FROM cypher('generic_ghd', $cypher$
            MATCH (a:P_A)-[ab:PAB]->(b:P_B)-[bc:PBC]->(c:P_C)
                  -[cd:PCD]->(d:P_D),
                  (a)-[ad:PAD]->(d)
            RETURN id(a), id(b), id(c), id(d),
                   id(ab), id(bc), id(cd), id(ad)
        $cypher$) AS (a agtype, b agtype, c agtype, d agtype,
                      ab agtype, bc agtype, cd agtype, ad agtype)
    $plan$
    LOOP
        has_generic := has_generic OR
            plan_text LIKE '%Custom Scan (AGE Generic Multiway Join)%';
        has_on_demand_trie_ops := has_on_demand_trie_ops OR
            plan_text LIKE
            '%Provider Trie Ops: lazy sorted arrays with on-demand prefix directories%';
        has_rows := has_rows OR plan_text LIKE '%Rows Emitted: 48%';
        matches := regexp_match(plan_text, 'Prefix Range Builds: ([0-9]+)');
        IF matches IS NOT NULL THEN
            prefix_builds := matches[1]::integer;
        END IF;
        matches := regexp_match(plan_text, 'Prefix Range Reuses: ([0-9]+)');
        IF matches IS NOT NULL THEN
            prefix_reuses := matches[1]::integer;
        END IF;
        matches := regexp_match(plan_text,
                                'Prefix Range Cursor Reuses: ([0-9]+)');
        IF matches IS NOT NULL THEN
            prefix_cursor_reuses := matches[1]::integer;
        END IF;
        matches := regexp_match(plan_text,
                                'Trie Child Range Opens: ([0-9]+)');
        IF matches IS NOT NULL THEN
            trie_child_range_opens := matches[1]::integer;
        END IF;
        matches := regexp_match(plan_text,
                                'Trie Prefix Range Seeks: ([0-9]+)');
        IF matches IS NOT NULL THEN
            trie_prefix_range_seeks := matches[1]::integer;
        END IF;
        matches := regexp_match(plan_text,
                                'Trie Pair Range Opens: ([0-9]+)');
        IF matches IS NOT NULL THEN
            trie_pair_range_opens := matches[1]::integer;
        END IF;
    END LOOP;

    IF NOT has_generic OR NOT has_on_demand_trie_ops OR NOT has_rows OR
       prefix_builds IS NULL OR prefix_reuses IS NULL OR
       prefix_cursor_reuses IS NULL OR prefix_builds > 40 OR
       prefix_reuses < prefix_builds OR
       trie_child_range_opens IS NULL OR trie_prefix_range_seeks IS NULL OR
       trie_pair_range_opens IS NULL OR trie_child_range_opens <= 0 OR
       trie_prefix_range_seeks <= 0 OR trie_pair_range_opens <= 0 THEN
        RAISE EXCEPTION
            'Generic Join on-demand prefix range trie ops/directory/direct pair reuse was not observed (builds %, reuses %, cursor reuses %, child opens %, prefix seeks %, pair opens %)',
            prefix_builds, prefix_reuses, prefix_cursor_reuses,
            trie_child_range_opens, trie_prefix_range_seeks,
            trie_pair_range_opens;
    END IF;
    RAISE NOTICE 'generic join on-demand prefix range trie ops, directory, and direct pair reuse verified';
END
$generic_ghd_prefix_range_plan$;
NOTICE:  generic join on-demand prefix range trie ops, directory, and direct pair reuse verified
BEGIN;
SET LOCAL age.enable_wcoj = on;
SET LOCAL enable_nestloop = off;
SET LOCAL enable_hashjoin = off;
SET LOCAL enable_mergejoin = off;
EXPLAIN (ANALYZE, VERBOSE, COSTS OFF, TIMING OFF, SUMMARY OFF, BUFFERS OFF)
SELECT *
FROM cypher('generic_ghd', $$
    MATCH (a:A {missing: true})-[e1:E1]->(b:B)-[e2:E2]->(c:C)
          -[e3:E3]->(d:D)-[e4:E4]->(a)
    RETURN id(a), id(b), id(c), id(d), id(e1), id(e2), id(e3), id(e4)
$$) AS (a agtype, b agtype, c agtype, d agtype,
        e1 agtype, e2 agtype, e3 agtype, e4 agtype);
                                                                    QUERY PLAN                                                                     
---------------------------------------------------------------------------------------------------------------------------------------------------
 Custom Scan (AGE Generic Multiway Join) (actual rows=0.00 loops=1)
   Output: (a.id)::agtype, (b.id)::agtype, (c.id)::agtype, (d.id)::agtype, (e1.id)::agtype, (e2.id)::agtype, (e3.id)::agtype, (e4.id)::agtype
   Filter: (_ag_enforce_edge_uniqueness4(e1.id, e2.id, e3.id, e4.id) AND (e1.start_id = e4.end_id) AND (e3.end_id = e4.start_id))
   Generic Join Algorithm: lazy domain views with vectorized intersections and delayed edge bags
   Generic Join Consumer: rows
   Generic Join Provider Mode: eager sorted array
   Lazy Physical Provider: false
   Provider Trie Ops: lazy sorted arrays with on-demand prefix directories
   Variable Order: 1(rti=4), 2(rti=6), 3(rti=8), 4(rti=10)
   Component Count: 1
   Component IDs: 1, 1, 1, 1
   Reduction Shape: cyclic-core
   GHD Mode: cyclic core only
   GHD General Decomposition: false
   GHD Fallback Reason: no leaf-tail separators
   Reduction Descriptor Source: graph-join-match-ir
   Reduction Order: none
   Reduction Order Edges: 0
   Yannakakis Step Count: 0
   Yannakakis Bottom-Up Steps: 0
   Yannakakis Top-Down Steps: 0
   Yannakakis Step Plan: none
   Yannakakis Step Filter Mode: global-domain provider filter
   Reduction Core Variables: 4
   Reduction Tail Separators: 0
   GHD Bag Count: 1
   GHD Separator Count: 0
   GHD Separators: none
   GHD Descriptor Source: graph-join-match-ir
   Variable Count: 4
   Provider Count: 8
   Provider Rows Materialized: 0
   Provider Tuples Materialized: 0
   Provider Full Materialization: true
   Provider Rows Read: 0
   Provider Row Bytes Allocated: 0 bytes
   Provider Tuple Bytes Copied: 0 bytes
   Providers Skipped After Empty: 7
   Semijoin Reduction Passes: 0
   Yannakakis Bottom-Up Passes: 0
   Yannakakis Top-Down Passes: 0
   Yannakakis Steps Applied: 0
   Yannakakis Bottom-Up Steps Applied: 0
   Yannakakis Top-Down Steps Applied: 0
   Reduction Order Applied: false
   Semijoin Rows Removed: 0
   Yannakakis Bottom-Up Rows Removed: 0
   Yannakakis Top-Down Rows Removed: 0
   Semijoin Provider Rows After: 0
   Semijoin Final Domain Keys: 0
   GHD Separator Reduction Passes: 0
   GHD Leaf Tail Providers: 0
   GHD Descriptor Separators Applied: 0
   GHD Tail Domain Propagation Passes: 0
   GHD Tail Domain Rows Removed: 0
   GHD Separator Domain Keys: 0
   GHD Leaf Tail Rows Removed: 0
   GHD Cyclic Core Rows Removed: 0
   Reduction Domain Builds: 0
   Reduction Domain Rows Scanned: 0
   Reduction Domain Keys Produced: 0
   Reduction Domain Sorts: 0
   Reduction Domain Sort Rows: 0
   Complete Bindings: 0
   Candidate Flat Rows: 0
   Candidate Bag Combinations: 0
   Flat Rows Materialized: 0
   Flat Rows Avoided: 0
   Consumer Flat Rows Avoided: 0
   Lazy Domain Views: 0
   Lazy Domain Keys Scanned: 0
   Domain Scratch Allocations: 0
   Domain Scratch Reuses: 0
   Runtime Domain Builds: 0
   Runtime Domain Rows Scanned: 0
   Prefix Range Builds: 0
   Prefix Range Reuses: 0
   Prefix Range Directory Searches: 0
   Prefix Range Cursor Reuses: 0
   Prefix Range Cache Hits: 0
   Prefix Range Cache Misses: 0
   Child Range Cache Hits: 0
   Child Range Cache Misses: 0
   Trie Child Range Reuses: 0
   Trie Child Range Opens: 0
   Trie Prefix Range Seeks: 0
   Trie Pair Range Opens: 0
   Reduction Scratch Allocations: 0
   Reduction Scratch Reuses: 0
   Vector Intersection Merge Calls: 0
   Vector Intersection Galloping Calls: 0
   Vector Intersection Galloping Steps: 0
   Uniqueness Constraint Groups: 1
   Uniqueness Rejects: 0
   Rows Emitted: 0
   Rescans: 0
   Peak Generic Join Memory: 8192 bytes
   Spill Bytes: 0 bytes
   ->  Seq Scan on generic_ghd."A" a (actual rows=0.00 loops=1)
         Output: a.id
         Filter: ((a.properties @> '{"missing": true}'::agtype) AND agtype_object_field_equals(a.properties, '"missing"'::agtype, 'true'::agtype))
         Rows Removed by Filter: 64
   ->  Seq Scan on generic_ghd."B" b (never executed)
         Output: b.id
   ->  Seq Scan on generic_ghd."C" c (never executed)
         Output: c.id
   ->  Seq Scan on generic_ghd."D" d (never executed)
         Output: d.id
   ->  Seq Scan on generic_ghd."E1" e1 (never executed)
         Output: e1.id, e1.start_id, e1.end_id
   ->  Seq Scan on generic_ghd."E2" e2 (never executed)
         Output: e2.id, e2.start_id, e2.end_id
   ->  Seq Scan on generic_ghd."E3" e3 (never executed)
         Output: e3.id, e3.end_id, e3.start_id
   ->  Seq Scan on generic_ghd."E4" e4 (never executed)
         Output: e4.id, e4.end_id, e4.start_id
(116 rows)

ROLLBACK;
/*
 * Deep acyclic tails should propagate leaf-domain pruning back to the cycle
 * separator before the cyclic core is searched.
 */
SELECT create_vlabel('generic_ghd', 'U');
NOTICE:  VLabel "U" has been created
 create_vlabel 
---------------
 
(1 row)

SELECT create_vlabel('generic_ghd', 'V');
NOTICE:  VLabel "V" has been created
 create_vlabel 
---------------
 
(1 row)

SELECT create_vlabel('generic_ghd', 'W');
NOTICE:  VLabel "W" has been created
 create_vlabel 
---------------
 
(1 row)

SELECT create_elabel('generic_ghd', 'TU');
NOTICE:  ELabel "TU" has been created
 create_elabel 
---------------
 
(1 row)

SELECT create_elabel('generic_ghd', 'TV');
NOTICE:  ELabel "TV" has been created
 create_elabel 
---------------
 
(1 row)

SELECT create_elabel('generic_ghd', 'TW');
NOTICE:  ELabel "TW" has been created
 create_elabel 
---------------
 
(1 row)

INSERT INTO generic_ghd."U" (id, properties)
SELECT _graphid(_label_id('generic_ghd', 'U'), i), '{}'::agtype
FROM generate_series(1, 64) i;
INSERT INTO generic_ghd."V" (id, properties)
SELECT _graphid(_label_id('generic_ghd', 'V'), i), '{}'::agtype
FROM generate_series(1, 64) i;
INSERT INTO generic_ghd."W" (id, properties)
VALUES (_graphid(_label_id('generic_ghd', 'W'), 1), '{}'::agtype);
INSERT INTO generic_ghd."TU" (id, start_id, end_id, properties)
SELECT _graphid(_label_id('generic_ghd', 'TU'), i),
       _graphid(_label_id('generic_ghd', 'C'), i),
       _graphid(_label_id('generic_ghd', 'U'), i),
       '{}'::agtype
FROM generate_series(1, 64) i;
INSERT INTO generic_ghd."TV" (id, start_id, end_id, properties)
SELECT _graphid(_label_id('generic_ghd', 'TV'), i),
       _graphid(_label_id('generic_ghd', 'U'), i),
       _graphid(_label_id('generic_ghd', 'V'), i),
       '{}'::agtype
FROM generate_series(1, 64) i;
INSERT INTO generic_ghd."TW" (id, start_id, end_id, properties)
VALUES (_graphid(_label_id('generic_ghd', 'TW'), 1),
        _graphid(_label_id('generic_ghd', 'V'), 1),
        _graphid(_label_id('generic_ghd', 'W'), 1),
        '{}'::agtype);
CREATE INDEX generic_ghd_tu_out
ON generic_ghd."TU" USING age_adjacency(start_id, id, end_id);
CREATE INDEX generic_ghd_tv_out
ON generic_ghd."TV" USING age_adjacency(start_id, id, end_id);
CREATE INDEX generic_ghd_tw_out
ON generic_ghd."TW" USING age_adjacency(start_id, id, end_id);
ANALYZE generic_ghd."U";
ANALYZE generic_ghd."V";
ANALYZE generic_ghd."W";
ANALYZE generic_ghd."TU";
ANALYZE generic_ghd."TV";
ANALYZE generic_ghd."TW";
BEGIN;
SET LOCAL age.enable_wcoj = on;
SET LOCAL enable_nestloop = off;
SET LOCAL enable_hashjoin = off;
SET LOCAL enable_mergejoin = off;
EXPLAIN (ANALYZE, VERBOSE, COSTS OFF, TIMING OFF, SUMMARY OFF, BUFFERS OFF)
SELECT *
FROM cypher('generic_ghd', $$
    MATCH (a:A)-[e1:E1]->(b:B)-[e2:E2]->(c:C)
          -[e3:E3]->(d:D)-[e4:E4]->(a),
          (c)-[tu:TU]->(u:U)-[tv:TV]->(v:V)-[tw:TW]->(w:W)
    RETURN id(a), id(b), id(c), id(d), id(u), id(v), id(w),
           id(e1), id(e2), id(e3), id(e4), id(tu), id(tv), id(tw)
$$) AS (a agtype, b agtype, c agtype, d agtype,
        u agtype, v agtype, w agtype, e1 agtype,
        e2 agtype, e3 agtype, e4 agtype, tu agtype,
        tv agtype, tw agtype);
                                                                                                                   QUERY PLAN                                                                                                                    
-------------------------------------------------------------------------------------------------------------------------------------------------------------------------------------------------------------------------------------------------
 Custom Scan (AGE Generic Multiway Join) (actual rows=1.00 loops=1)
   Output: (a.id)::agtype, (b.id)::agtype, (c.id)::agtype, (d.id)::agtype, (u.id)::agtype, (v.id)::agtype, (w.id)::agtype, (e1.id)::agtype, (e2.id)::agtype, (e3.id)::agtype, (e4.id)::agtype, (tu.id)::agtype, (tv.id)::agtype, (tw.id)::agtype
   Filter: ((tw.end_id = w.id) AND _ag_enforce_edge_uniqueness4(e1.id, e2.id, e3.id, e4.id) AND _ag_enforce_edge_uniqueness3(tu.id, tv.id, tw.id))
   Generic Join Algorithm: lazy domain views with vectorized intersections and delayed edge bags
   Generic Join Consumer: rows
   Generic Join Provider Mode: eager sorted array
   Lazy Physical Provider: false
   Provider Trie Ops: lazy sorted arrays with on-demand prefix directories
   Variable Order: 1(rti=17), 2(rti=8), 3(rti=4), 4(rti=6), 5(rti=10), 6(rti=13), 7(rti=15)
   Component Count: 1
   Component IDs: 1, 1, 1, 1, 1, 1, 1
   Reduction Shape: cyclic-with-tail
   GHD Mode: 2-core leaf-tail
   GHD General Decomposition: false
   GHD Fallback Reason: general GHD decomposition is not implemented
   Reduction Descriptor Source: graph-join-match-ir
   Reduction Order: none
   Reduction Order Edges: 0
   Yannakakis Step Count: 0
   Yannakakis Bottom-Up Steps: 0
   Yannakakis Top-Down Steps: 0
   Yannakakis Step Plan: none
   Yannakakis Step Filter Mode: global-domain provider filter
   Reduction Core Variables: 4
   Reduction Tail Separators: 1
   GHD Bag Count: 2
   GHD Separator Count: 1
   GHD Separators: provider 12: v2->v6 via key1
   GHD Descriptor Source: graph-join-match-ir
   Variable Count: 7
   Provider Count: 14
   Provider Rows Materialized: 770
   Provider Tuples Materialized: 0
   Provider Full Materialization: true
   Provider Rows Read: 770
   Provider Row Bytes Allocated: 71680 bytes
   Provider Tuple Bytes Copied: 0 bytes
   Semijoin Reduction Passes: 3
   Yannakakis Bottom-Up Passes: 0
   Yannakakis Top-Down Passes: 0
   Yannakakis Steps Applied: 0
   Yannakakis Bottom-Up Steps Applied: 0
   Yannakakis Top-Down Steps Applied: 0
   Reduction Order Applied: false
   Semijoin Rows Removed: 756
   Yannakakis Bottom-Up Rows Removed: 0
   Yannakakis Top-Down Rows Removed: 0
   Semijoin Provider Rows After: 14
   Semijoin Final Domain Keys: 7
   GHD Separator Reduction Passes: 1
   GHD Leaf Tail Providers: 1
   GHD Descriptor Separators Applied: 1
   GHD Tail Domain Propagation Passes: 2
   GHD Tail Domain Rows Removed: 252
   GHD Separator Domain Keys: 1
   GHD Leaf Tail Rows Removed: 252
   GHD Cyclic Core Rows Removed: 189
   Reduction Domain Builds: 126
   Reduction Domain Rows Scanned: 3465
   Reduction Domain Keys Produced: 3465
   Reduction Domain Sorts: 17
   Reduction Domain Sort Rows: 1088
   Complete Bindings: 1
   Candidate Flat Rows: 1
   Candidate Bag Combinations: 1
   Flat Rows Materialized: 1
   Flat Rows Avoided: 0
   Consumer Flat Rows Avoided: 0
   Lazy Domain Views: 21
   Lazy Domain Keys Scanned: 21
   Domain Scratch Allocations: 7
   Domain Scratch Reuses: 0
   Runtime Domain Builds: 21
   Runtime Domain Rows Scanned: 21
   Prefix Range Builds: 14
   Prefix Range Reuses: 0
   Prefix Range Directory Searches: 0
   Prefix Range Cursor Reuses: 0
   Prefix Range Cache Hits: 0
   Prefix Range Cache Misses: 14
   Child Range Cache Hits: 7
   Child Range Cache Misses: 14
   Trie Child Range Reuses: 7
   Trie Child Range Opens: 14
   Trie Prefix Range Seeks: 14
   Trie Pair Range Opens: 7
   Reduction Scratch Allocations: 1
   Reduction Scratch Reuses: 83
   Vector Intersection Merge Calls: 91
   Vector Intersection Galloping Calls: 7
   Vector Intersection Galloping Steps: 7
   Uniqueness Constraint Groups: 2
   Uniqueness Rejects: 0
   Rows Emitted: 1
   Rescans: 0
   Peak Generic Join Memory: 275456 bytes
   Spill Bytes: 0 bytes
   ->  Seq Scan on generic_ghd."W" w (actual rows=1.00 loops=1)
         Output: w.id
   ->  Seq Scan on generic_ghd."C" c (actual rows=64.00 loops=1)
         Output: c.id
   ->  Seq Scan on generic_ghd."A" a (actual rows=64.00 loops=1)
         Output: a.id
   ->  Seq Scan on generic_ghd."B" b (actual rows=64.00 loops=1)
         Output: b.id
   ->  Seq Scan on generic_ghd."D" d (actual rows=64.00 loops=1)
         Output: d.id
   ->  Seq Scan on generic_ghd."U" u (actual rows=64.00 loops=1)
         Output: u.id
   ->  Seq Scan on generic_ghd."V" v (actual rows=64.00 loops=1)
         Output: v.id
   ->  Seq Scan on generic_ghd."E1" e1 (actual rows=64.00 loops=1)
         Output: e1.id, e1.start_id, e1.end_id
   ->  Seq Scan on generic_ghd."E2" e2 (actual rows=64.00 loops=1)
         Output: e2.id, e2.end_id, e2.start_id
   ->  Seq Scan on generic_ghd."E3" e3 (actual rows=64.00 loops=1)
         Output: e3.id, e3.start_id, e3.end_id
   ->  Seq Scan on generic_ghd."E4" e4 (actual rows=64.00 loops=1)
         Output: e4.id, e4.end_id, e4.start_id
   ->  Seq Scan on generic_ghd."TU" tu (actual rows=64.00 loops=1)
         Output: tu.id, tu.start_id, tu.end_id
   ->  Seq Scan on generic_ghd."TV" tv (actual rows=64.00 loops=1)
         Output: tv.id, tv.start_id, tv.end_id
   ->  Seq Scan on generic_ghd."TW" tw (actual rows=1.00 loops=1)
         Output: tw.id, tw.end_id, tw.start_id
(125 rows)

ROLLBACK;
DO $generic_ghd_deep_tail_plan$
DECLARE
    plan_text text;
    has_generic boolean := false;
    has_reduction_shape boolean := false;
    has_ghd_mode boolean := false;
    has_ghd_general boolean := false;
    has_ghd_fallback boolean := false;
    has_ghd_separator_count boolean := false;
    has_tail_domain_pass boolean := false;
    has_tail_domain_rows boolean := false;
    has_separator_domain boolean := false;
    has_core_pruning boolean := false;
    has_one_row boolean := false;
BEGIN
    PERFORM set_config('age.enable_wcoj', 'on', true);
    PERFORM set_config('enable_nestloop', 'off', true);
    PERFORM set_config('enable_hashjoin', 'off', true);
    PERFORM set_config('enable_mergejoin', 'off', true);

    FOR plan_text IN EXECUTE $plan$
        EXPLAIN (ANALYZE, VERBOSE, COSTS OFF, TIMING OFF, SUMMARY OFF)
        SELECT *
        FROM cypher('generic_ghd', $cypher$
            MATCH (a:A)-[e1:E1]->(b:B)-[e2:E2]->(c:C)
                  -[e3:E3]->(d:D)-[e4:E4]->(a),
                  (c)-[tu:TU]->(u:U)-[tv:TV]->(v:V)-[tw:TW]->(w:W)
            RETURN id(a), id(b), id(c), id(d), id(u), id(v), id(w),
                   id(e1), id(e2), id(e3), id(e4), id(tu), id(tv), id(tw)
        $cypher$) AS (a agtype, b agtype, c agtype, d agtype,
                      u agtype, v agtype, w agtype, e1 agtype,
                      e2 agtype, e3 agtype, e4 agtype, tu agtype,
                      tv agtype, tw agtype)
    $plan$
    LOOP
        has_generic := has_generic OR
            plan_text LIKE '%Custom Scan (AGE Generic Multiway Join)%';
        has_reduction_shape := has_reduction_shape OR
            plan_text LIKE '%Reduction Shape: cyclic-with-tail%';
        has_ghd_mode := has_ghd_mode OR
            plan_text LIKE '%GHD Mode: 2-core leaf-tail%';
        has_ghd_general := has_ghd_general OR
            plan_text LIKE '%GHD General Decomposition: false%';
        has_ghd_fallback := has_ghd_fallback OR
            plan_text LIKE
            '%GHD Fallback Reason: general GHD decomposition is not implemented%';
        has_ghd_separator_count := has_ghd_separator_count OR
            plan_text LIKE '%GHD Separator Count: 1%';
        has_tail_domain_pass := has_tail_domain_pass OR
            plan_text ~ 'GHD Tail Domain Propagation Passes: [1-9][0-9]*';
        has_tail_domain_rows := has_tail_domain_rows OR
            plan_text ~ 'GHD Tail Domain Rows Removed: [1-9][0-9]*';
        has_separator_domain := has_separator_domain OR
            plan_text LIKE '%GHD Separator Domain Keys: 1%';
        has_core_pruning := has_core_pruning OR
            plan_text LIKE '%GHD Cyclic Core Rows Removed: 189%';
        has_one_row := has_one_row OR
            plan_text LIKE '%Rows Emitted: 1%';
    END LOOP;

    IF NOT has_generic OR NOT has_reduction_shape OR
       NOT has_ghd_mode OR NOT has_ghd_general OR
       NOT has_ghd_fallback OR
       NOT has_ghd_separator_count OR NOT has_tail_domain_pass OR
       NOT has_tail_domain_rows OR NOT has_separator_domain OR
       NOT has_core_pruning OR NOT has_one_row THEN
        RAISE EXCEPTION
            'Generic Join deep-tail GHD separator reduction was not observed';
    END IF;
    RAISE NOTICE 'generic join deep-tail GHD separator reduction verified';
END
$generic_ghd_deep_tail_plan$;
NOTICE:  generic join deep-tail GHD separator reduction verified
BEGIN;
SET LOCAL age.enable_wcoj = off;
CREATE TEMP TABLE generic_ghd_deep_tail_binary ON COMMIT DROP AS
SELECT *
FROM cypher('generic_ghd', $$
    MATCH (a:A)-[e1:E1]->(b:B)-[e2:E2]->(c:C)
          -[e3:E3]->(d:D)-[e4:E4]->(a),
          (c)-[tu:TU]->(u:U)-[tv:TV]->(v:V)-[tw:TW]->(w:W)
    RETURN id(a), id(b), id(c), id(d), id(u), id(v), id(w),
           id(e1), id(e2), id(e3), id(e4), id(tu), id(tv), id(tw)
$$) AS (a agtype, b agtype, c agtype, d agtype,
        u agtype, v agtype, w agtype, e1 agtype,
        e2 agtype, e3 agtype, e4 agtype, tu agtype,
        tv agtype, tw agtype);
SET LOCAL age.enable_wcoj = on;
SET LOCAL enable_nestloop = off;
SET LOCAL enable_hashjoin = off;
SET LOCAL enable_mergejoin = off;
CREATE TEMP TABLE generic_ghd_deep_tail_join ON COMMIT DROP AS
SELECT *
FROM cypher('generic_ghd', $$
    MATCH (a:A)-[e1:E1]->(b:B)-[e2:E2]->(c:C)
          -[e3:E3]->(d:D)-[e4:E4]->(a),
          (c)-[tu:TU]->(u:U)-[tv:TV]->(v:V)-[tw:TW]->(w:W)
    RETURN id(a), id(b), id(c), id(d), id(u), id(v), id(w),
           id(e1), id(e2), id(e3), id(e4), id(tu), id(tv), id(tw)
$$) AS (a agtype, b agtype, c agtype, d agtype,
        u agtype, v agtype, w agtype, e1 agtype,
        e2 agtype, e3 agtype, e4 agtype, tu agtype,
        tv agtype, tw agtype);
SELECT (SELECT count(*) FROM generic_ghd_deep_tail_binary) AS binary_rows,
       (SELECT count(*) FROM generic_ghd_deep_tail_join) AS generic_rows,
       (SELECT count(*) FROM (
           (TABLE generic_ghd_deep_tail_binary EXCEPT ALL
            TABLE generic_ghd_deep_tail_join)
           UNION ALL
           (TABLE generic_ghd_deep_tail_join EXCEPT ALL
            TABLE generic_ghd_deep_tail_binary)
       ) diff) AS diff_rows;
 binary_rows | generic_rows | diff_rows 
-------------+--------------+-----------
           1 |            1 |         0
(1 row)

ROLLBACK;
SELECT drop_graph('generic_ghd', true);
NOTICE:  drop cascades to 28 other objects
DETAIL:  drop cascades to table generic_ghd._ag_label_vertex
drop cascades to table generic_ghd._ag_label_edge
drop cascades to table generic_ghd."A"
drop cascades to table generic_ghd."B"
drop cascades to table generic_ghd."C"
drop cascades to table generic_ghd."D"
drop cascades to table generic_ghd."X"
drop cascades to table generic_ghd."E1"
drop cascades to table generic_ghd."E2"
drop cascades to table generic_ghd."E3"
drop cascades to table generic_ghd."E4"
drop cascades to table generic_ghd."TX"
drop cascades to table generic_ghd."Y"
drop cascades to table generic_ghd."TY"
drop cascades to table generic_ghd."P_A"
drop cascades to table generic_ghd."P_B"
drop cascades to table generic_ghd."P_C"
drop cascades to table generic_ghd."P_D"
drop cascades to table generic_ghd."PAB"
drop cascades to table generic_ghd."PBC"
drop cascades to table generic_ghd."PCD"
drop cascades to table generic_ghd."PAD"
drop cascades to table generic_ghd."U"
drop cascades to table generic_ghd."V"
drop cascades to table generic_ghd."W"
drop cascades to table generic_ghd."TU"
drop cascades to table generic_ghd."TV"
drop cascades to table generic_ghd."TW"
NOTICE:  graph "generic_ghd" has been dropped
 drop_graph 
------------
 
(1 row)

-- End cypher_generic_join_ghd.
